Building DAG of jobs...
shared_storage_local_copies: True
remote_exec: False
Using shell: /usr/bin/bash
Provided cores: 1 (use --cores to define parallelism)
Rules claiming more threads will be scaled down.
Job stats:
job                             count
----------------------------  -------
all                                 1
band_diagram                        1
band_diagram_latextopdf             1
c_compilation                       1
colored_dbn                         1
compact_dottopdf                    1
compute_td                          1
concatenation                       1
dot_process                         1
extract_compact_tree                1
extract_elimination_ordering        1
extract_gr                          1
extract_helices                     1
extremities_label                   1
make_dot_file                       1
pdflatex_equations                  1
process_helices                     1
produce_c_code                      1
produce_latex_equations             1
state_of_the_results                1
textopdf                            1
unprocessed_from_td_to_dot          1
unprocessed_td                      1
total                              23

Resources before job selection: {'_cores': 1, '_nodes': 9223372036854775807}
Ready jobs (3)
Select jobs to execute...
Selected jobs (1)
Resources after job selection: {'_cores': 0, '_nodes': 9223372036854775806}
Execute 1 jobs...

[Thu Jul 25 14:57:21 2024]
localrule extract_gr:
    input: resources/dbn_files/C5.dbn
    output: results/gr_files/C5.gr
    jobid: 3
    reason: Forced execution
    wildcards: shadow=C5
    resources: tmpdir=/tmp

Completion of job ['extract_gr'] reported to scheduler.
jobs registered as running before removal {extract_gr}
[Thu Jul 25 14:57:21 2024]
Finished job 3.
1 of 23 steps (4%) done
Resources before job selection: {'_cores': 1, '_nodes': 9223372036854775807}
Ready jobs (3)
Select jobs to execute...
Selected jobs (1)
Resources after job selection: {'_cores': 0, '_nodes': 9223372036854775806}
Execute 1 jobs...

[Thu Jul 25 14:57:21 2024]
localrule band_diagram:
    input: resources/dbn_files/C5.dbn
    output: results/colored_dbn/band_diagram_C5.tex
    jobid: 14
    reason: Forced execution
    wildcards: family=C5
    resources: tmpdir=/tmp

Completion of job ['band_diagram'] reported to scheduler.
jobs registered as running before removal {band_diagram}
[Thu Jul 25 14:57:22 2024]
Finished job 14.
2 of 23 steps (9%) done
Resources before job selection: {'_cores': 1, '_nodes': 9223372036854775807}
Ready jobs (3)
Select jobs to execute...
Selected jobs (1)
Resources after job selection: {'_cores': 0, '_nodes': 9223372036854775806}
Execute 1 jobs...

[Thu Jul 25 14:57:22 2024]
localrule band_diagram_latextopdf:
    input: results/colored_dbn/band_diagram_C5.tex
    output: results/colored_dbn/band_diagram_C5.pdf
    jobid: 13
    reason: Forced execution
    wildcards: family=C5
    resources: tmpdir=/tmp

Completion of job ['band_diagram_latextopdf'] reported to scheduler.
jobs registered as running before removal {band_diagram_latextopdf}
[Thu Jul 25 14:57:22 2024]
Finished job 13.
3 of 23 steps (13%) done
Resources before job selection: {'_cores': 1, '_nodes': 9223372036854775807}
Ready jobs (2)
Select jobs to execute...
Selected jobs (1)
Resources after job selection: {'_cores': 0, '_nodes': 9223372036854775806}
Execute 1 jobs...

[Thu Jul 25 14:57:22 2024]
localrule extract_helices:
    input: resources/dbn_files/C5.dbn
    output: results/helix_annotations/C5.helix
    jobid: 4
    reason: Forced execution
    wildcards: shadow=C5
    resources: tmpdir=/tmp

Completion of job ['extract_helices'] reported to scheduler.
jobs registered as running before removal {extract_helices}
[Thu Jul 25 14:57:23 2024]
Finished job 4.
4 of 23 steps (17%) done
Resources before job selection: {'_cores': 1, '_nodes': 9223372036854775807}
Ready jobs (1)
Select jobs to execute...
Using greedy selector because only single job has to be scheduled.
Selected jobs (1)
Resources after job selection: {'_cores': 0, '_nodes': 9223372036854775806}
Execute 1 jobs...

[Thu Jul 25 14:57:23 2024]
localrule compute_td:
    input: results/gr_files/C5.gr
    output: results/td_files/C5.td
    jobid: 2
    reason: Forced execution
    wildcards: shadow=C5
    resources: tmpdir=/tmp

Completion of job ['compute_td'] reported to scheduler.
jobs registered as running before removal {compute_td}
[Thu Jul 25 14:57:24 2024]
Finished job 2.
5 of 23 steps (22%) done
Resources before job selection: {'_cores': 1, '_nodes': 9223372036854775807}
Ready jobs (3)
Select jobs to execute...
Selected jobs (1)
Resources after job selection: {'_cores': 0, '_nodes': 9223372036854775806}
Execute 1 jobs...

[Thu Jul 25 14:57:24 2024]
localrule unprocessed_from_td_to_dot:
    input: results/td_files/C5.td
    output: results/dot_files/unprocessed_C5.td1.dot
    jobid: 9
    reason: Forced execution
    wildcards: shadow=C5
    resources: tmpdir=/tmp

Completion of job ['unprocessed_from_td_to_dot'] reported to scheduler.
jobs registered as running before removal {unprocessed_from_td_to_dot}
[Thu Jul 25 14:57:25 2024]
Finished job 9.
6 of 23 steps (26%) done
Resources before job selection: {'_cores': 1, '_nodes': 9223372036854775807}
Ready jobs (3)
Select jobs to execute...
Selected jobs (1)
Resources after job selection: {'_cores': 0, '_nodes': 9223372036854775806}
Execute 1 jobs...

[Thu Jul 25 14:57:25 2024]
localrule extract_elimination_ordering:
    input: results/td_files/C5.td
    output: results/elim_order/C5.order
    jobid: 5
    reason: Forced execution
    wildcards: shadow=C5
    resources: tmpdir=/tmp

Completion of job ['extract_elimination_ordering'] reported to scheduler.
jobs registered as running before removal {extract_elimination_ordering}
[Thu Jul 25 14:57:25 2024]
Finished job 5.
7 of 23 steps (30%) done
Resources before job selection: {'_cores': 1, '_nodes': 9223372036854775807}
Ready jobs (2)
Select jobs to execute...
Selected jobs (1)
Resources after job selection: {'_cores': 0, '_nodes': 9223372036854775806}
Execute 1 jobs...

[Thu Jul 25 14:57:25 2024]
localrule unprocessed_td:
    input: results/dot_files/unprocessed_C5.td1.dot
    output: results/td_images/unprocessed_C5.pdf
    jobid: 8
    reason: Forced execution
    wildcards: shadow=C5
    resources: tmpdir=/tmp

Completion of job ['unprocessed_td'] reported to scheduler.
jobs registered as running before removal {unprocessed_td}
[Thu Jul 25 14:57:25 2024]
Finished job 8.
8 of 23 steps (35%) done
Resources before job selection: {'_cores': 1, '_nodes': 9223372036854775807}
Ready jobs (1)
Select jobs to execute...
Using greedy selector because only single job has to be scheduled.
Selected jobs (1)
Resources after job selection: {'_cores': 0, '_nodes': 9223372036854775806}
Execute 1 jobs...

[Thu Jul 25 14:57:25 2024]
localrule process_helices:
    input: resources/dbn_files/C5.dbn, results/td_files/C5.td, results/helix_annotations/C5.helix
    output: results/processed_td_files/processed_C5.td
    log: results/processed_td_files/exec_logs/C5_processing.log
    jobid: 1
    reason: Forced execution
    wildcards: shadow=C5
    resources: tmpdir=/tmp

Completion of job ['process_helices'] reported to scheduler.
jobs registered as running before removal {process_helices}
[Thu Jul 25 14:57:25 2024]
Finished job 1.
9 of 23 steps (39%) done
Resources before job selection: {'_cores': 1, '_nodes': 9223372036854775807}
Ready jobs (4)
Select jobs to execute...
Selected jobs (1)
Resources after job selection: {'_cores': 0, '_nodes': 9223372036854775806}
Execute 1 jobs...

[Thu Jul 25 14:57:26 2024]
localrule make_dot_file:
    input: resources/dbn_files/C5.dbn, results/processed_td_files/processed_C5.td, results/helix_annotations/C5.helix
    output: results/dot_files/processed_C5.dot
    jobid: 7
    reason: Forced execution
    wildcards: family=C5
    resources: tmpdir=/tmp

Completion of job ['make_dot_file'] reported to scheduler.
jobs registered as running before removal {make_dot_file}
[Thu Jul 25 14:57:26 2024]
Finished job 7.
10 of 23 steps (43%) done
Resources before job selection: {'_cores': 1, '_nodes': 9223372036854775807}
Ready jobs (4)
Select jobs to execute...
Selected jobs (1)
Resources after job selection: {'_cores': 0, '_nodes': 9223372036854775806}
Execute 1 jobs...

[Thu Jul 25 14:57:26 2024]
localrule produce_c_code:
    input: results/processed_td_files/processed_C5.td, results/helix_annotations/C5.helix, results/c_code
    output: results/c_code/C5_folding.c
    jobid: 18
    reason: Forced execution
    wildcards: family=C5
    resources: tmpdir=/tmp

Full Traceback (most recent call last):
  File "/home/remipoul/snakemake_env/lib/python3.11/site-packages/snakemake/executors/local.py", line 423, in run_wrapper
    run(
  File "/home/remipoul/LIX_WORK/pwb/auto-dp/workflow/Snakefile", line 163, in __rule_produce_c_code
  File "/home/remipoul/snakemake_env/lib/python3.11/site-packages/snakemake/script/__init__.py", line 1563, in script
    executor.evaluate()
  File "/home/remipoul/snakemake_env/lib/python3.11/site-packages/snakemake/script/__init__.py", line 454, in evaluate
    self.execute_script(fd.name, edit=edit)
  File "/home/remipoul/snakemake_env/lib/python3.11/site-packages/snakemake/script/__init__.py", line 697, in execute_script
    self._execute_cmd(
  File "/home/remipoul/snakemake_env/lib/python3.11/site-packages/snakemake/script/__init__.py", line 482, in _execute_cmd
    return shell(
           ^^^^^^
  File "/home/remipoul/snakemake_env/lib/python3.11/site-packages/snakemake/shell.py", line 357, in __new__
    raise sp.CalledProcessError(retcode, cmd)
subprocess.CalledProcessError: Command 'set -euo pipefail;  /home/remipoul/snakemake_env/bin/python3.11 /home/remipoul/LIX_WORK/pwb/auto-dp/.snakemake/scripts/tmpivtz3wfb.produce_c_code.py' returned non-zero exit status 1.

Full Traceback (most recent call last):
  File "/home/remipoul/snakemake_env/lib/python3.11/site-packages/snakemake/executors/local.py", line 423, in run_wrapper
    run(
  File "/home/remipoul/LIX_WORK/pwb/auto-dp/workflow/Snakefile", line 163, in __rule_produce_c_code
  File "/home/remipoul/snakemake_env/lib/python3.11/site-packages/snakemake/script/__init__.py", line 1563, in script
    executor.evaluate()
  File "/home/remipoul/snakemake_env/lib/python3.11/site-packages/snakemake/script/__init__.py", line 454, in evaluate
    self.execute_script(fd.name, edit=edit)
  File "/home/remipoul/snakemake_env/lib/python3.11/site-packages/snakemake/script/__init__.py", line 697, in execute_script
    self._execute_cmd(
  File "/home/remipoul/snakemake_env/lib/python3.11/site-packages/snakemake/script/__init__.py", line 482, in _execute_cmd
    return shell(
           ^^^^^^
  File "/home/remipoul/snakemake_env/lib/python3.11/site-packages/snakemake/shell.py", line 357, in __new__
    raise sp.CalledProcessError(retcode, cmd)
subprocess.CalledProcessError: Command 'set -euo pipefail;  /home/remipoul/snakemake_env/bin/python3.11 /home/remipoul/LIX_WORK/pwb/auto-dp/.snakemake/scripts/tmpivtz3wfb.produce_c_code.py' returned non-zero exit status 1.

During handling of the above exception, another exception occurred:

Traceback (most recent call last):
  File "/home/remipoul/snakemake_env/lib/python3.11/site-packages/snakemake/executors/local.py", line 261, in _callback
    raise ex
  File "/usr/local/lib/python3.11/concurrent/futures/thread.py", line 58, in run
    result = self.fn(*self.args, **self.kwargs)
             ^^^^^^^^^^^^^^^^^^^^^^^^^^^^^^^^^^
  File "/home/remipoul/snakemake_env/lib/python3.11/site-packages/snakemake/executors/local.py", line 247, in cached_or_run
    run_func(*args)
  File "/home/remipoul/snakemake_env/lib/python3.11/site-packages/snakemake/executors/local.py", line 459, in run_wrapper
    raise RuleException(
snakemake.exceptions.RuleException: CalledProcessError in file /home/remipoul/LIX_WORK/pwb/auto-dp/workflow/Snakefile, line 74:
Command 'set -euo pipefail;  /home/remipoul/snakemake_env/bin/python3.11 /home/remipoul/LIX_WORK/pwb/auto-dp/.snakemake/scripts/tmpivtz3wfb.produce_c_code.py' returned non-zero exit status 1.

RuleException:
CalledProcessError in file /home/remipoul/LIX_WORK/pwb/auto-dp/workflow/Snakefile, line 74:
Command 'set -euo pipefail;  /home/remipoul/snakemake_env/bin/python3.11 /home/remipoul/LIX_WORK/pwb/auto-dp/.snakemake/scripts/tmpivtz3wfb.produce_c_code.py' returned non-zero exit status 1.
[Thu Jul 25 14:57:26 2024]
Error in rule produce_c_code:
    jobid: 18
    input: results/processed_td_files/processed_C5.td, results/helix_annotations/C5.helix, results/c_code
    output: results/c_code/C5_folding.c

Shutting down, this might take some time.
Exiting because a job execution failed. Look above for error message
Complete log: .snakemake/log/2024-07-25T145721.336560.snakemake.log
unlocking
removing lock
removing lock
removed all locks
Full Traceback (most recent call last):
  File "/home/remipoul/snakemake_env/lib/python3.11/site-packages/snakemake/cli.py", line 2103, in args_to_api
    dag_api.execute_workflow(
  File "/home/remipoul/snakemake_env/lib/python3.11/site-packages/snakemake/api.py", line 594, in execute_workflow
    workflow.execute(
  File "/home/remipoul/snakemake_env/lib/python3.11/site-packages/snakemake/workflow.py", line 1286, in execute
    raise WorkflowError("At least one job did not complete successfully.")
snakemake_interface_common.exceptions.WorkflowError: At least one job did not complete successfully.

WorkflowError:
At least one job did not complete successfully.
